[2018-12-17 15:47:41] INFO [main: CodeCraft-2019.py, 21] car_path is config/car.txt
[2018-12-17 15:47:41] INFO [main: CodeCraft-2019.py, 22] road_path is config/road.txt
[2018-12-17 15:47:41] INFO [main: CodeCraft-2019.py, 23] cross_path is config/cross.txt
[2018-12-17 15:47:41] INFO [main: CodeCraft-2019.py, 24] answer_path is config/answer.txt[2019-03-26 17:12:28] INFO [main: CodeCraft-2019.py, 141] car_path is config/car.txt
[2019-03-26 17:12:28] INFO [main: CodeCraft-2019.py, 142] road_path is config/road.txt
[2019-03-26 17:12:28] INFO [main: CodeCraft-2019.py, 143] cross_path is config/cross.txt
[2019-03-26 17:12:28] INFO [main: CodeCraft-2019.py, 144] answer_path is config/answer.txt
[2019-03-26 17:13:09] INFO [main: CodeCraft-2019.py, 143] car_path is config/car.txt
[2019-03-26 17:13:09] INFO [main: CodeCraft-2019.py, 144] road_path is config/road.txt
[2019-03-26 17:13:09] INFO [main: CodeCraft-2019.py, 145] cross_path is config/cross.txt
[2019-03-26 17:13:09] INFO [main: CodeCraft-2019.py, 146] answer_path is config/answer.txt
[2019-03-27 14:32:01] INFO [main: CodeCraft-2019.py, 143] car_path is config/car.txt
[2019-03-27 14:32:01] INFO [main: CodeCraft-2019.py, 144] road_path is config/road.txt
[2019-03-27 14:32:01] INFO [main: CodeCraft-2019.py, 145] cross_path is config/cross.txt
[2019-03-27 14:32:01] INFO [main: CodeCraft-2019.py, 146] answer_path is config/answer.txt
[2019-03-27 19:34:18] INFO [main: CodeCraft-2019.py, 140] car_path is config/car.txt
[2019-03-27 19:34:18] INFO [main: CodeCraft-2019.py, 141] road_path is config/road.txt
[2019-03-27 19:34:18] INFO [main: CodeCraft-2019.py, 142] cross_path is config/cross.txt
[2019-03-27 19:34:18] INFO [main: CodeCraft-2019.py, 143] answer_path is config/answer.txt
[2019-03-28 14:28:05] INFO [main: CodeCraft-2019.py, 184] car_path is config/car.txt
[2019-03-28 14:28:05] INFO [main: CodeCraft-2019.py, 185] road_path is config/road.txt
[2019-03-28 14:28:05] INFO [main: CodeCraft-2019.py, 186] cross_path is config/cross.txt
[2019-03-28 14:28:05] INFO [main: CodeCraft-2019.py, 187] answer_path is config/answer.txt
[2019-03-28 15:16:21] INFO [main: CodeCraft-2019.py, 149] car_path is config/car.txt
[2019-03-28 15:16:21] INFO [main: CodeCraft-2019.py, 150] road_path is config/road.txt
[2019-03-28 15:16:21] INFO [main: CodeCraft-2019.py, 151] cross_path is config/cross.txt
[2019-03-28 15:16:21] INFO [main: CodeCraft-2019.py, 152] answer_path is config/answer.txt
[2019-03-28 19:03:56] INFO [main: CodeCraft-2019.py, 221] car_path is config/car.txt
[2019-03-28 19:03:56] INFO [main: CodeCraft-2019.py, 222] road_path is config/road.txt
[2019-03-28 19:03:56] INFO [main: CodeCraft-2019.py, 223] cross_path is config/cross.txt
[2019-03-28 19:03:56] INFO [main: CodeCraft-2019.py, 224] answer_path is config/answer.txt
[2019-03-28 21:32:12] INFO [main: CodeCraft-2019.py, 159] car_path is config/car.txt
[2019-03-28 21:32:12] INFO [main: CodeCraft-2019.py, 160] road_path is config/road.txt
[2019-03-28 21:32:12] INFO [main: CodeCraft-2019.py, 161] cross_path is config/cross.txt
[2019-03-28 21:32:12] INFO [main: CodeCraft-2019.py, 162] answer_path is config/answer.txt
[2019-03-28 22:23:01] INFO [main: CodeCraft-2019.py, 234] car_path is config/car.txt
[2019-03-28 22:23:01] INFO [main: CodeCraft-2019.py, 235] road_path is config/road.txt
[2019-03-28 22:23:01] INFO [main: CodeCraft-2019.py, 236] cross_path is config/cross.txt
[2019-03-28 22:23:01] INFO [main: CodeCraft-2019.py, 237] answer_path is config/answer.txt
[2019-03-28 22:23:51] INFO [main: CodeCraft-2019.py, 231] car_path is config/car.txt
[2019-03-28 22:23:51] INFO [main: CodeCraft-2019.py, 232] road_path is config/road.txt
[2019-03-28 22:23:51] INFO [main: CodeCraft-2019.py, 233] cross_path is config/cross.txt
[2019-03-28 22:23:51] INFO [main: CodeCraft-2019.py, 234] answer_path is config/answer.txt
[2019-03-29 09:50:13] INFO [main: CodeCraft-2019.py, 229] car_path is config/car.txt
[2019-03-29 09:50:13] INFO [main: CodeCraft-2019.py, 230] road_path is config/road.txt
[2019-03-29 09:50:13] INFO [main: CodeCraft-2019.py, 231] cross_path is config/cross.txt
[2019-03-29 09:50:13] INFO [main: CodeCraft-2019.py, 232] answer_path is config/answer.txt
[2019-03-29 09:51:32] INFO [main: CodeCraft-2019.py, 229] car_path is config/car.txt
[2019-03-29 09:51:32] INFO [main: CodeCraft-2019.py, 230] road_path is config/road.txt
[2019-03-29 09:51:32] INFO [main: CodeCraft-2019.py, 231] cross_path is config/cross.txt
[2019-03-29 09:51:32] INFO [main: CodeCraft-2019.py, 232] answer_path is config/answer.txt
[2019-03-29 09:52:51] INFO [main: CodeCraft-2019.py, 229] car_path is config/car.txt
[2019-03-29 09:52:51] INFO [main: CodeCraft-2019.py, 230] road_path is config/road.txt
[2019-03-29 09:52:51] INFO [main: CodeCraft-2019.py, 231] cross_path is config/cross.txt
[2019-03-29 09:52:51] INFO [main: CodeCraft-2019.py, 232] answer_path is config/answer.txt
[2019-03-29 09:54:43] INFO [main: CodeCraft-2019.py, 228] car_path is config/car.txt
[2019-03-29 09:54:43] INFO [main: CodeCraft-2019.py, 229] road_path is config/road.txt
[2019-03-29 09:54:43] INFO [main: CodeCraft-2019.py, 230] cross_path is config/cross.txt
[2019-03-29 09:54:43] INFO [main: CodeCraft-2019.py, 231] answer_path is config/answer.txt
[2019-03-29 09:55:19] INFO [main: CodeCraft-2019.py, 228] car_path is config/car.txt
[2019-03-29 09:55:19] INFO [main: CodeCraft-2019.py, 229] road_path is config/road.txt
[2019-03-29 09:55:19] INFO [main: CodeCraft-2019.py, 230] cross_path is config/cross.txt
[2019-03-29 09:55:19] INFO [main: CodeCraft-2019.py, 231] answer_path is config/answer.txt
[2019-03-29 12:50:15] INFO [main: CodeCraft-2019.py, 228] car_path is config/car.txt
[2019-03-29 12:50:15] INFO [main: CodeCraft-2019.py, 229] road_path is config/road.txt
[2019-03-29 12:50:15] INFO [main: CodeCraft-2019.py, 230] cross_path is config/cross.txt
[2019-03-29 12:50:15] INFO [main: CodeCraft-2019.py, 231] answer_path is config/answer.txt
[2019-03-29 16:55:31] INFO [main: CodeCraft-2019.py, 230] car_path is config/car.txt
[2019-03-29 16:55:31] INFO [main: CodeCraft-2019.py, 231] road_path is config/road.txt
[2019-03-29 16:55:31] INFO [main: CodeCraft-2019.py, 232] cross_path is config/cross.txt
[2019-03-29 16:55:31] INFO [main: CodeCraft-2019.py, 233] answer_path is config/answer.txt
[2019-03-29 22:57:47] INFO [main: CodeCraft-2019.py, 316] car_path is config/car.txt
[2019-03-29 22:57:47] INFO [main: CodeCraft-2019.py, 317] road_path is config/road.txt
[2019-03-29 22:57:47] INFO [main: CodeCraft-2019.py, 318] cross_path is config/cross.txt
[2019-03-29 22:57:47] INFO [main: CodeCraft-2019.py, 319] answer_path is config/answer.txt
[2019-03-30 00:08:55] INFO [main: CodeCraft-2019.py, 357] car_path is config/car.txt
[2019-03-30 00:08:55] INFO [main: CodeCraft-2019.py, 358] road_path is config/road.txt
[2019-03-30 00:08:55] INFO [main: CodeCraft-2019.py, 359] cross_path is config/cross.txt
[2019-03-30 00:08:55] INFO [main: CodeCraft-2019.py, 360] answer_path is config/answer.txt
[2019-03-30 00:09:10] INFO [main: CodeCraft-2019.py, 357] car_path is config/car.txt
[2019-03-30 00:09:10] INFO [main: CodeCraft-2019.py, 358] road_path is config/road.txt
[2019-03-30 00:09:10] INFO [main: CodeCraft-2019.py, 359] cross_path is config/cross.txt
[2019-03-30 00:09:10] INFO [main: CodeCraft-2019.py, 360] answer_path is config/answer.txt
[2019-03-30 00:09:14] INFO [main: CodeCraft-2019.py, 357] car_path is config/car.txt
[2019-03-30 00:09:14] INFO [main: CodeCraft-2019.py, 358] road_path is config/road.txt
[2019-03-30 00:09:14] INFO [main: CodeCraft-2019.py, 359] cross_path is config/cross.txt
[2019-03-30 00:09:14] INFO [main: CodeCraft-2019.py, 360] answer_path is config/answer.txt
[2019-03-30 00:10:46] INFO [main: CodeCraft-2019.py, 359] car_path is config/car.txt
[2019-03-30 00:10:46] INFO [main: CodeCraft-2019.py, 360] road_path is config/road.txt
[2019-03-30 00:10:46] INFO [main: CodeCraft-2019.py, 361] cross_path is config/cross.txt
[2019-03-30 00:10:46] INFO [main: CodeCraft-2019.py, 362] answer_path is config/answer.txt
[2019-03-30 00:11:54] INFO [main: CodeCraft-2019.py, 357] car_path is config/car.txt
[2019-03-30 00:11:54] INFO [main: CodeCraft-2019.py, 358] road_path is config/road.txt
[2019-03-30 00:11:54] INFO [main: CodeCraft-2019.py, 359] cross_path is config/cross.txt
[2019-03-30 00:11:54] INFO [main: CodeCraft-2019.py, 360] answer_path is config/answer.txt
